Started GET "/api/health_check" for 127.0.0.1 at 2019-01-23 12:12:40 +0200
  
ActionController::RoutingError (No route matches [GET] "/api/health_check"):
  
actionpack (5.1.6.1) lib/action_dispatch/middleware/debug_exceptions.rb:63:in `call'
web-console (3.7.0) lib/web_console/middleware.rb:135:in `call_app'
web-console (3.7.0) lib/web_console/middleware.rb:30:in `block in call'
web-console (3.7.0) lib/web_console/middleware.rb:20:in `catch'
web-console (3.7.0) lib/web_console/middleware.rb:20:in `call'
actionpack (5.1.6.1) lib/action_dispatch/middleware/show_exceptions.rb:31:in `call'
railties (5.1.6.1) lib/rails/rack/logger.rb:36:in `call_app'
railties (5.1.6.1) lib/rails/rack/logger.rb:24:in `block in call'
activesupport (5.1.6.1) lib/active_support/tagged_logging.rb:69:in `block in tagged'
activesupport (5.1.6.1) lib/active_support/tagged_logging.rb:26:in `tagged'
activesupport (5.1.6.1) lib/active_support/tagged_logging.rb:69:in `tagged'
railties (5.1.6.1) lib/rails/rack/logger.rb:24:in `call'
sprockets-rails (3.2.1) lib/sprockets/rails/quiet_assets.rb:13:in `call'
actionpack (5.1.6.1) lib/action_dispatch/middleware/remote_ip.rb:79:in `call'
actionpack (5.1.6.1) lib/action_dispatch/middleware/request_id.rb:25:in `call'
rack (2.0.6) lib/rack/method_override.rb:22:in `call'
rack (2.0.6) lib/rack/runtime.rb:22:in `call'
activesupport (5.1.6.1) lib/active_support/cache/strategy/local_cache_middleware.rb:27:in `call'
actionpack (5.1.6.1) lib/action_dispatch/middleware/executor.rb:12:in `call'
actionpack (5.1.6.1) lib/action_dispatch/middleware/static.rb:125:in `call'
rack (2.0.6) lib/rack/sendfile.rb:111:in `call'
railties (5.1.6.1) lib/rails/engine.rb:522:in `call'
puma (3.12.0) lib/puma/configuration.rb:225:in `call'
puma (3.12.0) lib/puma/server.rb:658:in `handle_request'
puma (3.12.0) lib/puma/server.rb:472:in `process_client'
puma (3.12.0) lib/puma/server.rb:332:in `block in run'
puma (3.12.0) lib/puma/thread_pool.rb:133:in `block in spawn_thread'
Started GET "/" for 127.0.0.1 at 2019-01-23 12:12:44 +0200
Processing by Rails::WelcomeController#index as HTML
  Rendering /Users/Jsmulevici/.rvm/gems/ruby-2.4.4/gems/railties-5.1.6.1/lib/rails/templates/rails/welcome/index.html.erb
  Rendered /Users/Jsmulevici/.rvm/gems/ruby-2.4.4/gems/railties-5.1.6.1/lib/rails/templates/rails/welcome/index.html.erb (2.0ms)
Completed 200 OK in 193ms (Views: 5.4ms)


Started GET "/" for 127.0.0.1 at 2019-01-23 12:39:55 +0200
  
ActiveRecord::PendingMigrationError (

Migrations are pending. To resolve this issue, run:

        bin/rails db:migrate RAILS_ENV=development

):
  
activerecord (5.1.6.1) lib/active_record/migration.rb:576:in `check_pending!'
activerecord (5.1.6.1) lib/active_record/migration.rb:553:in `call'
actionpack (5.1.6.1) lib/action_dispatch/middleware/callbacks.rb:26:in `block in call'
activesupport (5.1.6.1) lib/active_support/callbacks.rb:97:in `run_callbacks'
actionpack (5.1.6.1) lib/action_dispatch/middleware/callbacks.rb:24:in `call'
actionpack (5.1.6.1) lib/action_dispatch/middleware/executor.rb:12:in `call'
actionpack (5.1.6.1) lib/action_dispatch/middleware/debug_exceptions.rb:59:in `call'
web-console (3.7.0) lib/web_console/middleware.rb:135:in `call_app'
web-console (3.7.0) lib/web_console/middleware.rb:30:in `block in call'
web-console (3.7.0) lib/web_console/middleware.rb:20:in `catch'
web-console (3.7.0) lib/web_console/middleware.rb:20:in `call'
actionpack (5.1.6.1) lib/action_dispatch/middleware/show_exceptions.rb:31:in `call'
railties (5.1.6.1) lib/rails/rack/logger.rb:36:in `call_app'
railties (5.1.6.1) lib/rails/rack/logger.rb:24:in `block in call'
activesupport (5.1.6.1) lib/active_support/tagged_logging.rb:69:in `block in tagged'
activesupport (5.1.6.1) lib/active_support/tagged_logging.rb:26:in `tagged'
activesupport (5.1.6.1) lib/active_support/tagged_logging.rb:69:in `tagged'
railties (5.1.6.1) lib/rails/rack/logger.rb:24:in `call'
sprockets-rails (3.2.1) lib/sprockets/rails/quiet_assets.rb:13:in `call'
actionpack (5.1.6.1) lib/action_dispatch/middleware/remote_ip.rb:79:in `call'
actionpack (5.1.6.1) lib/action_dispatch/middleware/request_id.rb:25:in `call'
rack (2.0.6) lib/rack/method_override.rb:22:in `call'
rack (2.0.6) lib/rack/runtime.rb:22:in `call'
activesupport (5.1.6.1) lib/active_support/cache/strategy/local_cache_middleware.rb:27:in `call'
actionpack (5.1.6.1) lib/action_dispatch/middleware/executor.rb:12:in `call'
actionpack (5.1.6.1) lib/action_dispatch/middleware/static.rb:125:in `call'
rack (2.0.6) lib/rack/sendfile.rb:111:in `call'
railties (5.1.6.1) lib/rails/engine.rb:522:in `call'
puma (3.12.0) lib/puma/configuration.rb:225:in `call'
puma (3.12.0) lib/puma/server.rb:658:in `handle_request'
puma (3.12.0) lib/puma/server.rb:472:in `process_client'
puma (3.12.0) lib/puma/server.rb:332:in `block in run'
puma (3.12.0) lib/puma/thread_pool.rb:133:in `block in spawn_thread'
  [1m[35m (0.1ms)[0m  [1m[34mSELECT sqlite_version(*)[0m
  [1m[35m (1.9ms)[0m  [1m[35mCREATE TABLE "schema_migrations" ("version" varchar NOT NULL PRIMARY KEY)[0m
  [1m[35m (1.2ms)[0m  [1m[35mCREATE TABLE "ar_internal_metadata" ("key" varchar NOT NULL PRIMARY KEY, "value" varchar, "created_at" datetime NOT NULL, "updated_at" datetime NOT NULL)[0m
  [1m[35m (0.2ms)[0m  [1m[34mSELECT "schema_migrations"."version" FROM "schema_migrations" ORDER BY "schema_migrations"."version" ASC[0m
Migrating to CreateMeetings (20190123103934)
  [1m[35m (0.0ms)[0m  [1m[36mbegin transaction[0m
  [1m[35m (0.4ms)[0m  [1m[35mCREATE TABLE "meetings" ("id" INTEGER PRIMARY KEY AUTOINCREMENT NOT NULL, "summary" varchar, "description" varchar, "starting_date" datetime, "ending_date" datetime, "location" varchar, "created_at" datetime NOT NULL, "updated_at" datetime NOT NULL)[0m
  [1m[35mSQL (0.1ms)[0m  [1m[32mINSERT INTO "schema_migrations" ("version") VALUES (?)[0m  [["version", "20190123103934"]]
  [1m[35m (1.2ms)[0m  [1m[36mcommit transaction[0m
  [1m[36mActiveRecord::InternalMetadata Load (0.1ms)[0m  [1m[34mSELECT  "ar_internal_metadata".* FROM "ar_internal_metadata" WHERE "ar_internal_metadata"."key" = ? LIMIT ?[0m  [["key", "environment"], ["LIMIT", 1]]
  [1m[35m (0.0ms)[0m  [1m[36mbegin transaction[0m
  [1m[35mSQL (0.4ms)[0m  [1m[32mINSERT INTO "ar_internal_metadata" ("key", "value", "created_at", "updated_at") VALUES (?, ?, ?, ?)[0m  [["key", "environment"], ["value", "development"], ["created_at", "2019-01-23 10:40:06.693108"], ["updated_at", "2019-01-23 10:40:06.693108"]]
  [1m[35m (0.9ms)[0m  [1m[36mcommit transaction[0m
  [1m[35m (0.1ms)[0m  [1m[34mSELECT "schema_migrations"."version" FROM "schema_migrations" ORDER BY "schema_migrations"."version" ASC[0m
Started GET "/" for 127.0.0.1 at 2019-01-23 12:40:15 +0200
  [1m[35m (0.2ms)[0m  [1m[34mSELECT "schema_migrations"."version" FROM "schema_migrations" ORDER BY "schema_migrations"."version" ASC[0m
Processing by Rails::WelcomeController#index as HTML
  Rendering /Users/Jsmulevici/.rvm/gems/ruby-2.4.4/gems/railties-5.1.6.1/lib/rails/templates/rails/welcome/index.html.erb
  Rendered /Users/Jsmulevici/.rvm/gems/ruby-2.4.4/gems/railties-5.1.6.1/lib/rails/templates/rails/welcome/index.html.erb (3.1ms)
Completed 200 OK in 15ms (Views: 9.0ms | ActiveRecord: 0.0ms)


Started GET "/" for 127.0.0.1 at 2019-01-23 12:40:15 +0200
Processing by Rails::WelcomeController#index as HTML
  Rendering /Users/Jsmulevici/.rvm/gems/ruby-2.4.4/gems/railties-5.1.6.1/lib/rails/templates/rails/welcome/index.html.erb
  Rendered /Users/Jsmulevici/.rvm/gems/ruby-2.4.4/gems/railties-5.1.6.1/lib/rails/templates/rails/welcome/index.html.erb (2.2ms)
Completed 200 OK in 9ms (Views: 5.3ms | ActiveRecord: 0.0ms)


Started GET "/meetings" for 127.0.0.1 at 2019-01-23 12:40:20 +0200
Processing by MeetingsController#index as HTML
  Rendering meetings/index.html.erb within layouts/application
  [1m[36mMeeting Load (0.2ms)[0m  [1m[34mSELECT "meetings".* FROM "meetings"[0m
  Rendered meetings/index.html.erb within layouts/application (3.5ms)
Completed 200 OK in 897ms (Views: 888.4ms | ActiveRecord: 0.5ms)


Started GET "/meetings/new" for 127.0.0.1 at 2019-01-23 12:40:24 +0200
Processing by MeetingsController#new as HTML
  Rendering meetings/new.html.erb within layouts/application
  Rendered meetings/_form.html.erb (23.1ms)
  Rendered meetings/new.html.erb within layouts/application (25.9ms)
Completed 200 OK in 57ms (Views: 43.2ms | ActiveRecord: 1.1ms)


Started POST "/meetings" for 127.0.0.1 at 2019-01-23 12:40:32 +0200
Processing by MeetingsController#create as HTML
  Parameters: {"utf8"=>"✓", "authenticity_token"=>"4Ht2f2rFP+obWWLLMAJ5tPQauo5pqe3aR2mwFgFN/2+HeyZekMDt6j7P4pQiizWs3ELBajgZasdfzuRVtSyFwQ==", "meeting"=>{"summary"=>"Noam", "description"=>"asdfa", "starting_date(1i)"=>"2019", "starting_date(2i)"=>"1", "starting_date(3i)"=>"23", "starting_date(4i)"=>"10", "starting_date(5i)"=>"40", "ending_date(1i)"=>"2019", "ending_date(2i)"=>"1", "ending_date(3i)"=>"23", "ending_date(4i)"=>"10", "ending_date(5i)"=>"40", "location"=>"asdf"}, "commit"=>"Create Meeting"}
  [1m[35m (0.1ms)[0m  [1m[36mbegin transaction[0m
  [1m[35mSQL (0.7ms)[0m  [1m[32mINSERT INTO "meetings" ("summary", "description", "starting_date", "ending_date", "location", "created_at", "updated_at") VALUES (?, ?, ?, ?, ?, ?, ?)[0m  [["summary", "Noam"], ["description", "asdfa"], ["starting_date", "2019-01-23 10:40:00"], ["ending_date", "2019-01-23 10:40:00"], ["location", "asdf"], ["created_at", "2019-01-23 10:40:32.536695"], ["updated_at", "2019-01-23 10:40:32.536695"]]
  [1m[35m (1.1ms)[0m  [1m[36mcommit transaction[0m
Redirected to http://localhost:3000/meetings/1
Completed 302 Found in 28ms (ActiveRecord: 1.9ms)


Started GET "/meetings/1" for 127.0.0.1 at 2019-01-23 12:40:32 +0200
Processing by MeetingsController#show as HTML
  Parameters: {"id"=>"1"}
  [1m[36mMeeting Load (0.2ms)[0m  [1m[34mSELECT  "meetings".* FROM "meetings" WHERE "meetings"."id" = ? LIMIT ?[0m  [["id", 1], ["LIMIT", 1]]
  Rendering meetings/show.html.erb within layouts/application
  Rendered meetings/show.html.erb within layouts/application (0.9ms)
Completed 200 OK in 23ms (Views: 17.3ms | ActiveRecord: 0.2ms)


Started GET "/meetings" for 127.0.0.1 at 2019-01-23 12:40:35 +0200
Processing by MeetingsController#index as HTML
  Rendering meetings/index.html.erb within layouts/application
  [1m[36mMeeting Load (0.2ms)[0m  [1m[34mSELECT "meetings".* FROM "meetings"[0m
  Rendered meetings/index.html.erb within layouts/application (2.1ms)
Completed 200 OK in 29ms (Views: 24.2ms | ActiveRecord: 0.2ms)


Started GET "/meetings.json" for 127.0.0.1 at 2019-01-23 12:40:38 +0200
Processing by MeetingsController#index as JSON
  Rendering meetings/index.json.jbuilder
  [1m[36mMeeting Load (0.2ms)[0m  [1m[34mSELECT "meetings".* FROM "meetings"[0m
  Rendered meetings/_meeting.json.jbuilder (1.3ms)
  Rendered meetings/index.json.jbuilder (5.7ms)
Completed 200 OK in 18ms (Views: 13.6ms | ActiveRecord: 0.2ms)


  [1m[35m (0.1ms)[0m  [1m[34mSELECT "schema_migrations"."version" FROM "schema_migrations" ORDER BY "schema_migrations"."version" ASC[0m
Migrating to CreateAttendees (20190123104201)
  [1m[35m (0.0ms)[0m  [1m[36mbegin transaction[0m
  [1m[35m (0.3ms)[0m  [1m[34mSELECT sqlite_version(*)[0m
  [1m[35m (0.5ms)[0m  [1m[35mCREATE TABLE "attendees" ("id" INTEGER PRIMARY KEY AUTOINCREMENT NOT NULL, "first_name" varchar, "last_name" varchar, "email" varchar, "created_at" datetime NOT NULL, "updated_at" datetime NOT NULL)[0m
  [1m[35mSQL (0.2ms)[0m  [1m[32mINSERT INTO "schema_migrations" ("version") VALUES (?)[0m  [["version", "20190123104201"]]
  [1m[35m (1.2ms)[0m  [1m[36mcommit transaction[0m
Migrating to CreateInvitations (20190123104208)
  [1m[35m (0.1ms)[0m  [1m[36mbegin transaction[0m
  [1m[35m (0.5ms)[0m  [1m[35mCREATE TABLE "invitations" ("id" INTEGER PRIMARY KEY AUTOINCREMENT NOT NULL, "meeting_id" integer, "attendee_id" integer, "is_organizer" boolean, "created_at" datetime NOT NULL, "updated_at" datetime NOT NULL, CONSTRAINT "fk_rails_62f2f4d561"
FOREIGN KEY ("meeting_id")
  REFERENCES "meetings" ("id")
, CONSTRAINT "fk_rails_d2d96210b9"
FOREIGN KEY ("attendee_id")
  REFERENCES "attendees" ("id")
)[0m
  [1m[35m (0.1ms)[0m  [1m[35mCREATE  INDEX "index_invitations_on_meeting_id" ON "invitations" ("meeting_id")[0m
  [1m[35m (0.0ms)[0m  [1m[34m            SELECT sql
            FROM sqlite_master
            WHERE name='index_invitations_on_meeting_id' AND type='index'
            UNION ALL
            SELECT sql
            FROM sqlite_temp_master
            WHERE name='index_invitations_on_meeting_id' AND type='index'
[0m
  [1m[35m (0.1ms)[0m  [1m[35mCREATE  INDEX "index_invitations_on_attendee_id" ON "invitations" ("attendee_id")[0m
  [1m[35mSQL (0.3ms)[0m  [1m[32mINSERT INTO "schema_migrations" ("version") VALUES (?)[0m  [["version", "20190123104208"]]
  [1m[35m (1.1ms)[0m  [1m[36mcommit transaction[0m
  [1m[36mActiveRecord::InternalMetadata Load (0.2ms)[0m  [1m[34mSELECT  "ar_internal_metadata".* FROM "ar_internal_metadata" WHERE "ar_internal_metadata"."key" = ? LIMIT ?[0m  [["key", "environment"], ["LIMIT", 1]]
  [1m[35m (0.1ms)[0m  [1m[36mbegin transaction[0m
  [1m[35m (0.1ms)[0m  [1m[36mcommit transaction[0m
  [1m[35m (0.1ms)[0m  [1m[34mSELECT "schema_migrations"."version" FROM "schema_migrations" ORDER BY "schema_migrations"."version" ASC[0m
  [1m[35m (0.1ms)[0m  [1m[34m            SELECT sql
            FROM sqlite_master
            WHERE name='index_invitations_on_attendee_id' AND type='index'
            UNION ALL
            SELECT sql
            FROM sqlite_temp_master
            WHERE name='index_invitations_on_attendee_id' AND type='index'
[0m
  [1m[35m (0.1ms)[0m  [1m[34m            SELECT sql
            FROM sqlite_master
            WHERE name='index_invitations_on_meeting_id' AND type='index'
            UNION ALL
            SELECT sql
            FROM sqlite_temp_master
            WHERE name='index_invitations_on_meeting_id' AND type='index'
[0m
Started GET "/" for 127.0.0.1 at 2019-01-23 12:44:43 +0200
  [1m[35m (0.1ms)[0m  [1m[34mSELECT "schema_migrations"."version" FROM "schema_migrations" ORDER BY "schema_migrations"."version" ASC[0m
Processing by Rails::WelcomeController#index as HTML
  Rendering /Users/Jsmulevici/.rvm/gems/ruby-2.4.4/gems/railties-5.1.6.1/lib/rails/templates/rails/welcome/index.html.erb
  Rendered /Users/Jsmulevici/.rvm/gems/ruby-2.4.4/gems/railties-5.1.6.1/lib/rails/templates/rails/welcome/index.html.erb (2.1ms)
Completed 200 OK in 14ms (Views: 6.7ms | ActiveRecord: 0.0ms)


Started GET "/attendees" for 127.0.0.1 at 2019-01-23 12:44:52 +0200
Processing by AttendeesController#index as HTML
  Rendering attendees/index.html.erb within layouts/application
  [1m[36mAttendee Load (0.2ms)[0m  [1m[34mSELECT "attendees".* FROM "attendees"[0m
  Rendered attendees/index.html.erb within layouts/application (5.9ms)
Completed 200 OK in 266ms (Views: 250.4ms | ActiveRecord: 1.1ms)


Started GET "/attendees/new" for 127.0.0.1 at 2019-01-23 12:44:53 +0200
Processing by AttendeesController#new as HTML
  Rendering attendees/new.html.erb within layouts/application
  Rendered attendees/_form.html.erb (9.4ms)
  Rendered attendees/new.html.erb within layouts/application (12.1ms)
Completed 200 OK in 45ms (Views: 33.1ms | ActiveRecord: 0.5ms)


Started POST "/attendees" for 127.0.0.1 at 2019-01-23 12:45:02 +0200
Processing by AttendeesController#create as HTML
  Parameters: {"utf8"=>"✓", "authenticity_token"=>"8K6HcnI3Ism4anfEhzctZNlDGOdY6VkEh+I+EnUTZZC2jcXp/SokBxmMTWKkz7ijzW671lolZTm2HReR5HUH2w==", "attendee"=>{"first_name"=>"Noam", "last_name"=>"by", "email"=>"noam@noam.com"}, "commit"=>"Create Attendee"}
  [1m[35m (0.1ms)[0m  [1m[36mbegin transaction[0m
  [1m[35mSQL (0.8ms)[0m  [1m[32mINSERT INTO "attendees" ("first_name", "last_name", "email", "created_at", "updated_at") VALUES (?, ?, ?, ?, ?)[0m  [["first_name", "Noam"], ["last_name", "by"], ["email", "noam@noam.com"], ["created_at", "2019-01-23 10:45:02.916908"], ["updated_at", "2019-01-23 10:45:02.916908"]]
  [1m[35m (0.9ms)[0m  [1m[36mcommit transaction[0m
Redirected to http://localhost:3000/attendees/1
Completed 302 Found in 7ms (ActiveRecord: 1.7ms)


Started GET "/attendees/1" for 127.0.0.1 at 2019-01-23 12:45:02 +0200
Processing by AttendeesController#show as HTML
  Parameters: {"id"=>"1"}
  [1m[36mAttendee Load (0.2ms)[0m  [1m[34mSELECT  "attendees".* FROM "attendees" WHERE "attendees"."id" = ? LIMIT ?[0m  [["id", 1], ["LIMIT", 1]]
  Rendering attendees/show.html.erb within layouts/application
  Rendered attendees/show.html.erb within layouts/application (0.6ms)
Completed 200 OK in 27ms (Views: 19.5ms | ActiveRecord: 0.2ms)


Started GET "/attendees" for 127.0.0.1 at 2019-01-23 12:45:05 +0200
Processing by AttendeesController#index as HTML
  Rendering attendees/index.html.erb within layouts/application
  [1m[36mAttendee Load (0.2ms)[0m  [1m[34mSELECT "attendees".* FROM "attendees"[0m
  Rendered attendees/index.html.erb within layouts/application (1.5ms)
Completed 200 OK in 29ms (Views: 24.4ms | ActiveRecord: 0.2ms)


Started GET "/invitations" for 127.0.0.1 at 2019-01-23 12:45:10 +0200
Processing by InvitationsController#index as HTML
  Rendering invitations/index.html.erb within layouts/application
  [1m[36mInvitation Load (0.1ms)[0m  [1m[34mSELECT "invitations".* FROM "invitations"[0m
  Rendered invitations/index.html.erb within layouts/application (1.6ms)
Completed 200 OK in 40ms (Views: 32.0ms | ActiveRecord: 0.3ms)


Started GET "/invitations/new" for 127.0.0.1 at 2019-01-23 12:45:11 +0200
Processing by InvitationsController#new as HTML
  Rendering invitations/new.html.erb within layouts/application
  Rendered invitations/_form.html.erb (4.3ms)
  Rendered invitations/new.html.erb within layouts/application (7.0ms)
Completed 200 OK in 38ms (Views: 27.8ms | ActiveRecord: 0.7ms)


Started POST "/invitations" for 127.0.0.1 at 2019-01-23 12:45:24 +0200
Processing by InvitationsController#create as HTML
  Parameters: {"utf8"=>"✓", "authenticity_token"=>"Ee6QmQHIe1N0Pjo7eh/k6HRN1zW7FAF0c1CuEzmeoXOB6VxVrTbRnaKg0qDaf/AAR2bplef7GxHH4uMz5NFhqA==", "invitation"=>{"meeting_id"=>"1", "attendee_id"=>"1", "is_organizer"=>"1"}, "commit"=>"Create Invitation"}
  [1m[35m (0.1ms)[0m  [1m[36mbegin transaction[0m
  [1m[36mMeeting Load (0.3ms)[0m  [1m[34mSELECT  "meetings".* FROM "meetings" WHERE "meetings"."id" = ? LIMIT ?[0m  [["id", 1], ["LIMIT", 1]]
  [1m[36mAttendee Load (0.1ms)[0m  [1m[34mSELECT  "attendees".* FROM "attendees" WHERE "attendees"."id" = ? LIMIT ?[0m  [["id", 1], ["LIMIT", 1]]
  [1m[35mSQL (0.5ms)[0m  [1m[32mINSERT INTO "invitations" ("meeting_id", "attendee_id", "is_organizer", "created_at", "updated_at") VALUES (?, ?, ?, ?, ?)[0m  [["meeting_id", 1], ["attendee_id", 1], ["is_organizer", "t"], ["created_at", "2019-01-23 10:45:24.431902"], ["updated_at", "2019-01-23 10:45:24.431902"]]
  [1m[35m (0.8ms)[0m  [1m[36mcommit transaction[0m
Redirected to http://localhost:3000/invitations/1
Completed 302 Found in 32ms (ActiveRecord: 2.4ms)


Started GET "/invitations/1" for 127.0.0.1 at 2019-01-23 12:45:24 +0200
Processing by InvitationsController#show as HTML
  Parameters: {"id"=>"1"}
  [1m[36mInvitation Load (0.2ms)[0m  [1m[34mSELECT  "invitations".* FROM "invitations" WHERE "invitations"."id" = ? LIMIT ?[0m  [["id", 1], ["LIMIT", 1]]
  Rendering invitations/show.html.erb within layouts/application
  [1m[36mMeeting Load (0.2ms)[0m  [1m[34mSELECT  "meetings".* FROM "meetings" WHERE "meetings"."id" = ? LIMIT ?[0m  [["id", 1], ["LIMIT", 1]]
  [1m[36mAttendee Load (0.2ms)[0m  [1m[34mSELECT  "attendees".* FROM "attendees" WHERE "attendees"."id" = ? LIMIT ?[0m  [["id", 1], ["LIMIT", 1]]
  Rendered invitations/show.html.erb within layouts/application (2.9ms)
Completed 200 OK in 29ms (Views: 25.3ms | ActiveRecord: 0.6ms)


  [1m[36mMeeting Load (0.1ms)[0m  [1m[34mSELECT  "meetings".* FROM "meetings" ORDER BY "meetings"."id" ASC LIMIT ?[0m  [["LIMIT", 1]]
  [1m[36mMeeting Load (0.2ms)[0m  [1m[34mSELECT  "meetings".* FROM "meetings" ORDER BY "meetings"."id" ASC LIMIT ?[0m  [["LIMIT", 1]]
  [1m[36mInvitation Load (0.1ms)[0m  [1m[34mSELECT  "invitations".* FROM "invitations" WHERE "invitations"."meeting_id" = ? LIMIT ?[0m  [["meeting_id", 1], ["LIMIT", 11]]
  [1m[36mMeeting Load (0.1ms)[0m  [1m[34mSELECT  "meetings".* FROM "meetings" ORDER BY "meetings"."id" ASC LIMIT ?[0m  [["LIMIT", 1]]
  [1m[36mAttendee Load (1.7ms)[0m  [1m[34mSELECT  "attendees".* FROM "attendees" INNER JOIN "invitations" ON "attendees"."id" = "invitations"."attendee_id" WHERE "invitations"."meeting_id" = ? LIMIT ?[0m  [["meeting_id", 1], ["LIMIT", 11]]
  [1m[36mAttendee Load (0.3ms)[0m  [1m[34mSELECT  "attendees".* FROM "attendees" ORDER BY "attendees"."id" ASC LIMIT ?[0m  [["LIMIT", 1]]
  [1m[36mAttendee Load (0.2ms)[0m  [1m[34mSELECT  "attendees".* FROM "attendees" ORDER BY "attendees"."id" ASC LIMIT ?[0m  [["LIMIT", 1]]
  [1m[36mMeeting Load (0.2ms)[0m  [1m[34mSELECT  "meetings".* FROM "meetings" INNER JOIN "invitations" ON "meetings"."id" = "invitations"."meeting_id" WHERE "invitations"."attendee_id" = ? LIMIT ?[0m  [["attendee_id", 1], ["LIMIT", 11]]
  [1m[36mAttendee Load (0.2ms)[0m  [1m[34mSELECT  "attendees".* FROM "attendees" ORDER BY "attendees"."id" ASC LIMIT ?[0m  [["LIMIT", 1]]
  [1m[36mInvitation Load (0.2ms)[0m  [1m[34mSELECT  "invitations".* FROM "invitations" WHERE "invitations"."attendee_id" = ? LIMIT ?[0m  [["attendee_id", 1], ["LIMIT", 11]]
  [1m[36mMeeting Load (0.2ms)[0m  [1m[34mSELECT  "meetings".* FROM "meetings" ORDER BY "meetings"."id" ASC LIMIT ?[0m  [["LIMIT", 1]]
  [1m[36mMeeting Load (0.3ms)[0m  [1m[34mSELECT  "meetings".* FROM "meetings" ORDER BY "meetings"."id" ASC LIMIT ?[0m  [["LIMIT", 1]]
  [1m[36mInvitation Load (0.2ms)[0m  [1m[34mSELECT  "invitations".* FROM "invitations" WHERE "invitations"."meeting_id" = ? LIMIT ?[0m  [["meeting_id", 1], ["LIMIT", 11]]
  [1m[36mMeeting Load (0.2ms)[0m  [1m[34mSELECT  "meetings".* FROM "meetings" ORDER BY "meetings"."id" ASC LIMIT ?[0m  [["LIMIT", 1]]
  [1m[36mAttendee Load (0.2ms)[0m  [1m[34mSELECT  "attendees".* FROM "attendees" INNER JOIN "invitations" ON "attendees"."id" = "invitations"."attendee_id" WHERE "invitations"."meeting_id" = ? LIMIT ?[0m  [["meeting_id", 1], ["LIMIT", 11]]
  [1m[36mAttendee Load (0.3ms)[0m  [1m[34mSELECT  "attendees".* FROM "attendees" ORDER BY "attendees"."id" ASC LIMIT ?[0m  [["LIMIT", 1]]
  [1m[36mMeeting Load (0.2ms)[0m  [1m[34mSELECT  "meetings".* FROM "meetings" INNER JOIN "invitations" ON "meetings"."id" = "invitations"."meeting_id" WHERE "invitations"."attendee_id" = ? LIMIT ?[0m  [["attendee_id", 1], ["LIMIT", 11]]
  [1m[36mAttendee Load (0.3ms)[0m  [1m[34mSELECT  "attendees".* FROM "attendees" ORDER BY "attendees"."id" ASC LIMIT ?[0m  [["LIMIT", 1]]
  [1m[36mInvitation Load (0.2ms)[0m  [1m[34mSELECT  "invitations".* FROM "invitations" WHERE "invitations"."attendee_id" = ? LIMIT ?[0m  [["attendee_id", 1], ["LIMIT", 11]]
